150409 15:14:37 [Note] Plugin 'FEDERATED' is disabled.
150409 15:14:37 InnoDB: The InnoDB memory heap is disabled
150409 15:14:37 InnoDB: Mutexes and rw_locks use Windows interlocked functions
150409 15:14:37 InnoDB: Compressed tables use zlib 1.2.3
150409 15:14:37 InnoDB: Initializing buffer pool, size = 128.0M
150409 15:14:37 InnoDB: Completed initialization of buffer pool
InnoDB: The first specified data file .\ibdata1 did not exist:
InnoDB: a new database to be created!
150409 15:14:37  InnoDB: Setting file .\ibdata1 size to 10 MB
InnoDB: Database physically writes the file full: wait...
150409 15:14:39  InnoDB: Log file .\ib_logfile0 did not exist: new to be created
InnoDB: Setting log file .\ib_logfile0 size to 5 MB
InnoDB: Database physically writes the file full: wait...
150409 15:14:40  InnoDB: Log file .\ib_logfile1 did not exist: new to be created
InnoDB: Setting log file .\ib_logfile1 size to 5 MB
InnoDB: Database physically writes the file full: wait...
InnoDB: Doublewrite buffer not found: creating new
InnoDB: Doublewrite buffer created
InnoDB: 127 rollback segment(s) active.
InnoDB: Creating foreign key constraint system tables
InnoDB: Foreign key constraint system tables created
150409 15:14:43  InnoDB: Waiting for the background threads to start
150409 15:14:44 InnoDB: 5.5.33 started; log sequence number 0
150409 15:14:45 [Note] Server hostname (bind-address): '0.0.0.0'; port: 3306
150409 15:14:45 [Note]   - '0.0.0.0' resolves to '0.0.0.0';
150409 15:14:45 [Note] Server socket created on IP: '0.0.0.0'.
150409 15:28:56 [Note] Plugin 'FEDERATED' is disabled.
150409 15:28:56 InnoDB: The InnoDB memory heap is disabled
150409 15:28:56 InnoDB: Mutexes and rw_locks use Windows interlocked functions
150409 15:28:56 InnoDB: Compressed tables use zlib 1.2.3
150409 15:28:56 InnoDB: Initializing buffer pool, size = 128.0M
150409 15:28:56 InnoDB: Completed initialization of buffer pool
150409 15:28:56 InnoDB: highest supported file format is Barracuda.
InnoDB: The log sequence number in ibdata files does not match
InnoDB: the log sequence number in the ib_logfiles!
150409 15:28:56  InnoDB: Database was not shut down normally!
InnoDB: Starting crash recovery.
InnoDB: Reading tablespace information from the .ibd files...
InnoDB: Restoring possible half-written data pages from the doublewrite
InnoDB: buffer...
150409 15:28:56  InnoDB: Waiting for the background threads to start
150409 15:28:57 InnoDB: 5.5.33 started; log sequence number 1595675
150409 15:28:57 [Note] Recovering after a crash using mysql-bin
150409 15:28:57 [Note] Starting crash recovery...
150409 15:28:57 [Note] Crash recovery finished.
150409 15:28:58 [Note] Server hostname (bind-address): '0.0.0.0'; port: 3306
150409 15:28:58 [Note]   - '0.0.0.0' resolves to '0.0.0.0';
150409 15:28:58 [Note] Server socket created on IP: '0.0.0.0'.
